{"total": {"lines":{"total":1334,"covered":1334,"skipped":0,"pct":100},"statements":{"total":1334,"covered":1334,"skipped":0,"pct":100},"functions":{"total":87,"covered":85,"skipped":0,"pct":97.7},"branches":{"total":416,"covered":391,"skipped":0,"pct":93.99},"branchesTrue":{"total":0,"covered":0,"skipped":0,"pct":"Unknown"}}
,"/home/runner/work/mono/mono/srcs/frontend/src/App.tsx": {"lines":{"total":1104,"covered":1104,"skipped":0,"pct":100},"functions":{"total":47,"covered":45,"skipped":0,"pct":95.74},"statements":{"total":1104,"covered":1104,"skipped":0,"pct":100},"branches":{"total":314,"covered":289,"skipped":0,"pct":92.03}}
,"/home/runner/work/mono/mono/srcs/frontend/src/api.ts": {"lines":{"total":221,"covered":221,"skipped":0,"pct":100},"functions":{"total":40,"covered":40,"skipped":0,"pct":100},"statements":{"total":221,"covered":221,"skipped":0,"pct":100},"branches":{"total":102,"covered":102,"skipped":0,"pct":100}}
,"/home/runner/work/mono/mono/srcs/frontend/src/main.tsx": {"lines":{"total":9,"covered":9,"skipped":0,"pct":100},"functions":{"total":0,"covered":0,"skipped":0,"pct":100},"statements":{"total":9,"covered":9,"skipped":0,"pct":100},"branches":{"total":0,"covered":0,"skipped":0,"pct":100}}
}
