{"total": {"lines":{"total":2836,"covered":2748,"skipped":0,"pct":96.89},"statements":{"total":2836,"covered":2748,"skipped":0,"pct":96.89},"functions":{"total":193,"covered":173,"skipped":0,"pct":89.63},"branches":{"total":933,"covered":869,"skipped":0,"pct":93.14},"branchesTrue":{"total":0,"covered":0,"skipped":0,"pct":"Unknown"}}
,"/app/srcs/frontend/src/App.tsx": {"lines":{"total":2430,"covered":2356,"skipped":0,"pct":96.95},"functions":{"total":132,"covered":114,"skipped":0,"pct":86.36},"statements":{"total":2430,"covered":2356,"skipped":0,"pct":96.95},"branches":{"total":774,"covered":710,"skipped":0,"pct":91.73}}
,"/app/srcs/frontend/src/api.ts": {"lines":{"total":397,"covered":383,"skipped":0,"pct":96.47},"functions":{"total":61,"covered":59,"skipped":0,"pct":96.72},"statements":{"total":397,"covered":383,"skipped":0,"pct":96.47},"branches":{"total":159,"covered":159,"skipped":0,"pct":100}}
,"/app/srcs/frontend/src/main.tsx": {"lines":{"total":9,"covered":9,"skipped":0,"pct":100},"functions":{"total":0,"covered":0,"skipped":0,"pct":100},"statements":{"total":9,"covered":9,"skipped":0,"pct":100},"branches":{"total":0,"covered":0,"skipped":0,"pct":100}}
}
