SF:lib/models/security_issue.dart
DA:12,5
DA:23,4
DA:24,4
DA:25,4
DA:26,4
DA:27,4
DA:28,4
DA:29,4
DA:30,4
DA:31,4
DA:32,4
DA:36,1
DA:37,1
DA:38,1
DA:39,1
DA:40,1
DA:41,1
DA:42,1
DA:43,1
DA:44,1
DA:45,1
LF:21
LH:21
end_of_record
SF:lib/models/agent.dart
DA:10,4
DA:19,4
DA:20,4
DA:21,4
DA:22,4
DA:23,4
DA:24,4
DA:25,4
DA:26,4
DA:27,8
DA:28,1
DA:32,2
DA:33,1
DA:34,1
DA:35,1
DA:36,1
DA:37,1
DA:38,2
DA:41,9
DA:42,3
LF:20
LH:20
end_of_record
SF:lib/models/ai_provider.dart
DA:10,6
DA:19,5
DA:20,5
DA:21,5
DA:22,5
DA:23,5
DA:24,5
DA:25,11
DA:26,5
DA:30,1
DA:31,1
DA:32,1
DA:33,1
DA:34,1
DA:35,1
DA:36,1
DA:37,1
DA:41,2
DA:42,1
DA:43,1
DA:44,1
DA:45,1
DA:46,1
DA:47,1
LF:24
LH:24
end_of_record
SF:lib/services/auth_service.dart
DA:15,6
DA:24,3
DA:25,3
DA:26,3
DA:27,3
DA:28,4
DA:29,3
DA:30,3
DA:41,3
DA:42,0
DA:44,3
DA:45,6
DA:46,9
DA:47,3
DA:48,6
DA:50,6
DA:51,6
DA:52,3
DA:53,3
DA:54,3
DA:56,3
DA:59,2
DA:60,4
DA:61,6
DA:62,2
DA:64,2
DA:72,6
DA:73,4
DA:76,6
DA:77,0
DA:80,6
DA:81,0
DA:82,0
DA:86,11
DA:87,2
DA:93,2
DA:96,8
DA:97,2
DA:100,6
DA:102,2
DA:103,4
DA:104,4
DA:106,4
DA:107,0
DA:108,0
DA:111,2
DA:115,2
DA:116,2
DA:117,6
DA:118,6
DA:119,2
DA:120,8
DA:121,4
DA:126,1
DA:127,2
DA:129,5
DA:131,4
DA:132,1
DA:133,1
LF:59
LH:53
end_of_record
SF:lib/services/centrifuge_service.dart
DA:18,3
DA:27,3
DA:28,3
DA:29,3
DA:30,3
DA:31,3
DA:32,3
DA:33,3
DA:34,3
DA:35,6
DA:36,1
DA:40,2
DA:41,1
DA:42,1
DA:43,1
DA:44,1
DA:45,1
DA:46,2
DA:71,3
DA:80,2
DA:81,2
DA:82,4
DA:83,2
DA:84,2
DA:85,2
DA:88,4
DA:94,2
DA:95,2
DA:96,4
DA:97,3
DA:100,2
DA:101,4
DA:103,4
DA:104,6
DA:106,6
DA:107,4
DA:109,3
DA:113,2
DA:114,4
DA:115,2
DA:119,2
DA:120,2
DA:121,4
DA:122,2
DA:123,2
DA:125,6
DA:127,6
DA:131,2
DA:132,2
DA:133,5
DA:134,2
DA:135,3
DA:136,2
DA:140,2
DA:141,6
DA:142,2
DA:144,4
DA:145,6
DA:146,2
DA:148,4
DA:149,4
DA:150,2
DA:156,0
DA:157,0
DA:163,10
DA:164,3
DA:166,0
DA:167,0
DA:169,0
DA:170,0
DA:171,0
LF:71
LH:64
end_of_record
SF:lib/models/channel.dart
DA:11,3
DA:21,3
DA:22,3
DA:23,3
DA:24,3
DA:25,3
DA:26,6
DA:27,3
DA:28,3
DA:29,0
DA:30,3
DA:31,3
DA:32,6
DA:33,0
DA:37,2
DA:38,1
DA:39,1
DA:40,1
DA:41,2
DA:42,1
DA:43,1
DA:44,2
DA:66,11
DA:68,3
DA:69,3
DA:70,6
DA:72,1
DA:73,1
DA:74,1
DA:76,1
DA:79,1
DA:80,1
DA:82,1
DA:89,1
DA:90,1
DA:91,1
DA:92,2
DA:93,1
DA:94,0
DA:96,3
DA:100,3
DA:102,3
DA:104,3
DA:106,0
DA:108,0
DA:110,0
DA:112,0
DA:114,0
DA:121,2
DA:122,2
DA:123,2
DA:125,2
DA:127,1
DA:129,1
DA:131,1
DA:133,1
DA:135,1
DA:137,1
LF:58
LH:50
end_of_record
SF:lib/models/skill.dart
DA:10,6
DA:19,5
DA:20,5
DA:21,5
DA:22,5
DA:23,5
DA:24,5
DA:25,5
DA:26,5
DA:30,1
DA:31,1
DA:32,1
DA:33,1
DA:34,1
DA:35,1
DA:36,1
DA:37,1
DA:41,2
DA:42,1
DA:43,1
DA:44,1
DA:45,1
DA:46,1
DA:47,1
LF:24
LH:24
end_of_record
SF:lib/screens/agents_screen.dart
DA:6,8
DA:7,4
DA:8,1
DA:9,2
DA:13,3
DA:15,2
DA:17,4
DA:18,2
DA:19,2
DA:21,2
DA:22,2
DA:23,2
DA:30,2
DA:31,2
DA:32,0
DA:33,4
DA:35,2
DA:40,1
DA:41,1
DA:43,2
DA:49,7
DA:51,2
DA:53,2
DA:54,2
DA:56,2
DA:59,2
DA:61,6
DA:73,2
DA:75,2
DA:77,2
DA:79,4
DA:80,8
DA:87,2
DA:89,2
DA:91,2
DA:93,2
DA:94,2
DA:95,4
DA:98,6
DA:99,6
DA:100,2
DA:101,6
DA:103,6
DA:112,1
DA:114,1
DA:115,1
DA:123,1
DA:125,2
DA:126,2
DA:127,1
DA:130,1
DA:131,3
DA:132,3
DA:134,4
DA:135,7
DA:136,4
DA:137,3
DA:139,0
DA:140,0
DA:141,0
DA:144,4
DA:148,1
DA:150,1
DA:152,1
DA:154,1
DA:155,1
DA:156,1
DA:160,1
DA:161,1
DA:166,1
DA:167,1
DA:168,2
DA:171,1
DA:172,2
DA:173,1
LF:75
LH:71
end_of_record
SF:lib/services/api_service.dart
DA:17,4
DA:21,0
DA:23,8
DA:25,8
DA:30,3
DA:31,18
DA:32,3
DA:33,6
DA:34,12
DA:37,2
DA:38,4
DA:39,6
DA:40,2
DA:41,4
DA:43,2
DA:44,6
DA:47,1
DA:48,2
DA:49,3
DA:50,1
DA:51,2
DA:53,1
DA:58,2
DA:59,12
DA:60,2
DA:61,4
DA:66,4
DA:67,24
DA:68,4
DA:69,8
DA:70,4
DA:73,2
DA:74,4
DA:75,6
DA:76,2
DA:77,4
DA:79,2
DA:80,4
DA:83,2
DA:84,4
DA:85,6
DA:86,2
DA:88,2
DA:89,4
DA:94,3
DA:95,18
DA:96,3
DA:97,6
DA:99,7
DA:100,3
DA:103,1
DA:108,2
DA:109,3
DA:110,1
DA:111,2
DA:113,1
DA:114,3
DA:117,1
DA:118,2
DA:119,3
DA:120,1
DA:122,1
DA:127,4
DA:128,24
DA:129,4
DA:130,8
DA:132,12
DA:133,4
DA:136,2
DA:142,4
DA:143,6
DA:144,2
DA:145,4
DA:152,2
DA:153,6
DA:156,2
DA:157,4
DA:158,6
DA:159,2
DA:160,4
DA:162,2
DA:167,4
DA:168,24
DA:169,4
DA:170,8
DA:171,16
DA:174,2
DA:175,4
DA:176,6
DA:177,2
DA:179,2
DA:182,2
DA:183,4
DA:184,6
DA:185,2
DA:187,2
DA:190,2
DA:191,4
DA:192,6
DA:193,2
DA:194,4
DA:196,2
DA:201,3
DA:202,18
DA:203,3
DA:204,6
DA:206,9
DA:207,3
DA:210,2
DA:211,4
DA:212,6
DA:213,2
DA:215,2
DA:220,2
DA:221,4
DA:222,6
DA:223,2
DA:225,2
DA:226,4
DA:227,2
DA:232,4
DA:233,16
DA:234,4
DA:241,9
DA:242,0
DA:244,0
DA:245,0
LF:127
LH:123
end_of_record
SF:lib/screens/ai_config_screen.dart
DA:6,12
DA:7,6
DA:8,1
DA:9,3
DA:15,4
DA:17,3
DA:19,6
DA:20,3
DA:21,3
DA:23,3
DA:24,3
DA:27,0
DA:32,3
DA:33,3
DA:34,0
DA:35,6
DA:36,7
DA:37,3
DA:42,2
DA:43,2
DA:45,4
DA:54,3
DA:56,3
DA:58,3
DA:59,3
DA:61,3
DA:64,3
DA:65,9
DA:69,3
DA:72,3
DA:86,3
DA:88,3
DA:90,3
DA:92,6
DA:93,15
DA:102,3
DA:104,3
DA:106,3
DA:108,3
DA:110,3
DA:112,3
DA:113,3
DA:114,3
DA:117,9
DA:121,6
DA:122,3
DA:124,3
DA:126,3
DA:129,2
DA:134,9
DA:135,9
DA:136,12
DA:138,3
DA:141,6
DA:142,9
DA:143,3
DA:146,3
DA:155,1
DA:156,3
DA:157,1
DA:159,2
DA:160,4
DA:161,1
DA:170,1
DA:171,1
DA:172,2
DA:175,1
DA:176,1
DA:177,3
DA:178,5
DA:179,3
DA:180,2
DA:201,2
DA:203,2
DA:204,2
DA:215,2
DA:217,2
DA:218,2
DA:221,2
DA:222,2
DA:223,6
DA:224,6
DA:225,8
DA:226,6
DA:229,2
DA:231,4
DA:232,4
DA:233,4
DA:234,4
DA:235,2
DA:238,1
DA:239,4
DA:240,3
DA:242,2
DA:243,1
DA:244,3
DA:245,3
DA:246,1
DA:247,4
DA:248,1
DA:249,3
DA:250,3
DA:251,3
DA:254,4
DA:255,3
DA:257,0
DA:258,0
DA:259,0
DA:262,4
DA:266,2
DA:268,2
DA:270,2
DA:272,2
DA:273,2
DA:276,2
DA:277,2
DA:278,2
DA:283,2
DA:284,2
DA:285,4
DA:287,6
DA:290,0
DA:293,2
DA:294,2
DA:299,2
DA:300,2
DA:305,2
DA:306,2
DA:315,2
DA:316,2
DA:327,2
DA:328,2
DA:329,2
DA:332,2
DA:333,4
DA:334,2
LF:136
LH:130
end_of_record
SF:lib/screens/channels_screen.dart
DA:6,4
DA:7,4
DA:8,4
DA:9,1
DA:10,2
DA:22,7
DA:38,7
DA:148,3
DA:150,2
DA:152,4
DA:153,2
DA:154,2
DA:156,2
DA:157,2
DA:160,0
DA:165,2
DA:166,2
DA:167,0
DA:168,4
DA:169,4
DA:170,1
DA:175,1
DA:176,1
DA:178,2
DA:187,2
DA:189,2
DA:191,2
DA:192,2
DA:194,2
DA:197,2
DA:198,6
DA:202,2
DA:205,2
DA:217,1
DA:219,1
DA:221,1
DA:223,2
DA:224,4
DA:231,1
DA:233,1
DA:234,2
DA:235,6
DA:240,1
DA:242,1
DA:244,1
DA:245,2
DA:246,3
DA:248,4
DA:249,1
DA:251,1
DA:252,1
DA:253,3
DA:254,2
DA:255,1
DA:256,0
DA:269,1
DA:271,1
DA:272,1
DA:281,1
DA:283,1
DA:284,1
DA:287,1
DA:288,2
DA:289,0
DA:291,2
DA:292,3
DA:293,4
DA:297,1
DA:299,2
DA:300,3
DA:301,1
DA:303,1
DA:306,0
DA:307,0
DA:308,0
DA:310,0
DA:311,0
DA:312,0
DA:314,0
DA:315,0
DA:316,0
DA:317,0
DA:320,0
DA:321,0
DA:323,0
DA:324,0
DA:325,0
DA:328,0
DA:332,1
DA:334,1
DA:336,1
DA:338,1
DA:339,1
DA:342,1
DA:344,1
DA:345,1
DA:351,3
DA:353,1
DA:354,1
DA:355,2
DA:357,4
DA:359,5
DA:360,3
DA:364,1
DA:365,0
DA:367,0
DA:368,0
DA:369,0
DA:374,1
DA:375,2
DA:376,3
DA:380,1
DA:381,1
DA:389,5
DA:391,1
DA:392,3
DA:393,1
DA:394,1
DA:395,1
DA:396,1
DA:399,1
DA:407,1
DA:408,1
DA:409,2
DA:412,1
DA:413,2
DA:414,1
LF:127
LH:103
end_of_record
SF:lib/screens/chat_screen.dart
DA:13,6
DA:14,6
DA:17,12
DA:20,4
DA:22,3
DA:23,3
DA:33,3
DA:35,3
DA:36,12
DA:39,3
DA:40,9
DA:42,1
DA:44,1
DA:45,3
DA:46,4
DA:48,0
DA:49,0
DA:50,0
DA:56,1
DA:57,8
DA:58,3
DA:59,2
DA:60,2
DA:61,3
DA:69,1
DA:70,3
DA:71,1
DA:72,3
DA:74,3
DA:75,2
DA:76,4
DA:78,1
DA:79,1
DA:81,1
DA:82,1
DA:84,1
DA:86,1
DA:87,2
DA:89,0
DA:90,0
DA:91,0
DA:94,4
DA:98,3
DA:100,4
DA:101,4
DA:102,6
DA:103,6
DA:104,3
DA:107,3
DA:109,9
DA:110,9
DA:111,12
DA:113,3
DA:114,3
DA:115,6
DA:116,3
DA:117,3
DA:120,2
DA:124,3
DA:125,3
DA:126,3
DA:127,3
DA:131,1
DA:132,1
DA:134,1
DA:135,1
DA:136,1
DA:137,3
DA:138,1
DA:142,3
DA:143,3
DA:144,3
DA:145,3
DA:152,1
DA:153,1
DA:155,5
DA:156,2
DA:157,4
DA:159,3
DA:160,2
DA:161,2
DA:162,0
DA:163,0
DA:164,0
DA:175,1
DA:177,1
DA:179,2
DA:180,1
DA:181,1
DA:182,1
DA:186,5
DA:187,1
DA:188,3
DA:189,1
DA:192,2
DA:193,2
DA:196,1
DA:198,1
DA:199,1
DA:200,1
DA:201,1
DA:202,2
DA:203,1
DA:204,1
DA:205,1
DA:206,1
DA:208,3
DA:221,3
DA:227,3
DA:229,3
DA:231,3
DA:232,3
DA:233,3
DA:234,3
DA:235,3
DA:241,0
DA:245,3
DA:246,3
DA:253,6
DA:263,1
DA:265,1
DA:266,1
DA:272,1
DA:274,1
DA:275,4
DA:278,1
DA:280,2
DA:281,1
DA:284,1
DA:286,1
DA:288,1
DA:289,1
DA:297,1
DA:298,1
DA:299,2
DA:302,1
DA:303,1
DA:304,3
DA:305,2
LF:139
LH:129
end_of_record
SF:lib/screens/dashboard_screen.dart
DA:5,4
DA:6,2
DA:7,1
DA:8,1
DA:12,2
DA:14,1
DA:16,2
DA:17,1
DA:18,1
DA:19,1
DA:20,1
DA:21,0
DA:22,2
DA:30,1
DA:32,1
DA:34,1
DA:36,1
DA:37,1
DA:39,1
DA:42,1
DA:43,1
DA:45,3
DA:49,1
DA:51,3
DA:55,1
DA:57,3
DA:61,1
DA:63,2
DA:76,1
DA:78,1
DA:80,1
DA:81,1
DA:82,4
DA:93,1
DA:100,1
DA:102,1
DA:104,1
DA:105,1
DA:107,1
DA:109,1
DA:110,3
DA:112,1
DA:113,1
DA:114,1
DA:117,1
DA:121,1
DA:122,1
DA:123,3
LF:48
LH:47
end_of_record
SF:lib/screens/login_screen.dart
DA:6,4
DA:8,3
DA:9,3
DA:19,3
DA:21,6
DA:22,6
DA:23,3
DA:26,3
DA:27,9
DA:28,2
DA:29,1
DA:30,1
DA:33,5
DA:34,3
DA:35,2
DA:38,0
DA:40,4
DA:44,3
DA:46,3
DA:47,3
DA:48,3
DA:50,3
DA:52,3
DA:54,3
DA:55,3
DA:56,3
DA:59,3
DA:66,3
DA:69,9
DA:72,3
DA:73,3
DA:80,3
DA:81,3
DA:84,3
DA:85,3
DA:92,3
DA:93,3
DA:95,3
DA:97,0
DA:98,0
DA:99,0
DA:100,0
DA:106,3
DA:107,3
DA:108,6
DA:109,3
LF:46
LH:41
end_of_record
SF:lib/screens/logs_screen.dart
DA:7,4
DA:8,2
DA:9,1
DA:10,1
DA:14,2
DA:16,1
DA:17,1
DA:25,1
DA:27,1
DA:29,2
DA:30,0
DA:34,1
DA:36,2
DA:37,2
DA:38,1
DA:41,1
DA:42,3
DA:43,2
DA:44,5
DA:49,1
DA:51,5
DA:52,1
DA:53,1
DA:55,1
DA:57,1
DA:58,1
DA:65,0
DA:66,0
DA:70,1
DA:73,0
DA:78,1
DA:79,1
DA:80,0
DA:81,1
DA:82,1
DA:83,1
DA:86,1
DA:88,1
DA:89,1
DA:91,1
DA:92,3
DA:105,1
DA:107,1
DA:108,2
DA:109,2
DA:110,1
DA:111,2
DA:112,0
DA:113,0
DA:116,1
DA:118,1
DA:120,1
DA:122,1
DA:123,1
DA:125,1
DA:126,3
DA:127,1
DA:128,1
DA:134,1
DA:135,1
DA:136,1
DA:137,1
DA:138,1
LF:63
LH:56
end_of_record
SF:lib/screens/meetings_screen.dart
DA:5,12
DA:6,6
DA:7,1
DA:8,3
DA:12,4
DA:14,3
DA:16,6
DA:17,3
DA:18,3
DA:20,3
DA:21,3
DA:24,2
DA:29,3
DA:30,3
DA:31,0
DA:32,6
DA:33,5
DA:34,3
DA:39,2
DA:40,2
DA:42,4
DA:51,3
DA:53,3
DA:55,3
DA:56,3
DA:58,3
DA:61,3
DA:62,9
DA:66,3
DA:69,3
DA:83,3
DA:85,3
DA:87,3
DA:89,6
DA:90,15
DA:99,3
DA:101,3
DA:102,3
DA:108,3
DA:109,9
DA:110,3
DA:112,3
DA:114,3
DA:121,1
DA:122,3
DA:124,4
DA:125,4
DA:126,1
DA:127,2
DA:130,0
DA:131,0
DA:132,0
DA:135,4
DA:139,1
DA:140,1
DA:142,2
DA:144,1
DA:147,1
DA:148,2
DA:152,2
DA:154,2
DA:158,2
DA:163,1
DA:164,1
DA:165,2
DA:173,3
DA:175,6
DA:176,3
DA:177,3
DA:179,3
DA:181,3
DA:182,3
DA:185,3
DA:186,3
DA:188,3
DA:189,3
DA:190,3
DA:195,3
DA:196,3
DA:197,3
DA:201,3
DA:202,3
DA:206,3
DA:207,3
DA:208,3
DA:209,3
DA:212,3
DA:216,0
DA:217,0
DA:224,3
DA:225,3
DA:233,6
DA:246,2
DA:248,2
DA:249,2
DA:256,2
DA:258,4
DA:259,2
DA:262,1
DA:263,4
DA:264,3
DA:266,4
DA:267,4
DA:268,4
DA:269,3
DA:271,0
DA:272,0
DA:273,0
DA:276,4
DA:280,2
DA:282,2
DA:284,2
DA:285,2
DA:292,0
DA:294,2
DA:295,2
DA:296,2
DA:299,2
DA:300,4
DA:301,2
LF:120
LH:110
end_of_record
SF:lib/screens/security_screen.dart
DA:6,8
DA:7,4
DA:8,1
DA:9,2
DA:15,3
DA:17,2
DA:19,4
DA:20,2
DA:21,2
DA:23,2
DA:24,2
DA:27,0
DA:32,2
DA:33,2
DA:34,0
DA:35,2
DA:36,2
DA:39,8
DA:40,8
DA:41,2
DA:43,2
DA:44,4
DA:45,2
DA:46,8
DA:47,8
DA:51,6
DA:52,2
DA:54,3
DA:55,1
DA:56,2
DA:59,3
DA:72,7
DA:74,1
DA:95,2
DA:97,2
DA:99,2
DA:101,2
DA:102,2
DA:103,2
DA:104,2
DA:117,2
DA:119,2
DA:120,2
DA:127,2
DA:129,2
DA:130,8
DA:133,2
DA:134,6
DA:135,2
DA:137,1
DA:144,1
DA:145,3
DA:147,4
DA:148,4
DA:149,3
DA:150,4
DA:152,0
DA:153,0
DA:154,0
DA:157,4
DA:161,2
DA:163,4
DA:164,2
DA:166,2
DA:168,2
DA:170,2
DA:171,2
DA:172,2
DA:173,2
DA:174,2
DA:175,4
DA:178,2
DA:179,2
DA:180,2
DA:184,2
DA:185,6
DA:186,4
DA:187,2
DA:188,2
DA:194,4
DA:195,6
DA:196,2
DA:198,0
DA:199,0
DA:204,6
DA:206,2
DA:207,2
DA:215,4
LF:88
LH:81
end_of_record
SF:lib/screens/settings_screen.dart
DA:6,2
DA:8,1
DA:10,3
DA:11,1
DA:12,1
DA:13,1
DA:15,1
DA:16,1
DA:17,1
DA:18,5
DA:19,2
DA:20,2
DA:24,1
DA:27,2
DA:29,1
DA:32,2
DA:34,1
DA:35,1
DA:38,0
LF:19
LH:18
end_of_record
SF:lib/screens/skills_screen.dart
DA:6,12
DA:7,6
DA:8,1
DA:9,3
DA:12,12
DA:17,4
DA:19,3
DA:21,6
DA:22,6
DA:24,3
DA:25,3
DA:26,3
DA:27,3
DA:28,0
DA:29,3
DA:30,3
DA:32,5
DA:33,3
DA:35,3
DA:36,3
DA:37,3
DA:38,3
DA:40,3
DA:54,3
DA:56,3
DA:58,6
DA:59,3
DA:61,3
DA:64,3
DA:65,6
DA:66,3
DA:67,6
DA:68,18
DA:69,3
DA:71,3
DA:72,15
DA:73,3
DA:74,1
DA:75,4
DA:78,3
DA:90,3
DA:92,3
DA:94,3
DA:96,6
DA:97,15
DA:106,3
DA:108,3
DA:109,3
DA:117,3
DA:119,3
DA:120,12
DA:121,12
DA:124,3
DA:125,9
DA:126,3
DA:128,3
DA:135,1
DA:136,3
DA:138,4
DA:139,1
DA:140,4
DA:141,2
DA:142,1
DA:143,1
DA:146,4
DA:147,3
DA:149,4
DA:151,0
DA:152,0
DA:153,0
DA:156,4
DA:160,1
DA:161,3
DA:163,4
DA:164,4
DA:165,3
DA:166,4
DA:168,0
DA:169,0
DA:170,0
DA:173,4
DA:177,3
DA:179,6
DA:180,3
DA:182,3
DA:184,3
DA:186,3
DA:187,3
DA:188,3
DA:189,3
DA:190,6
DA:191,6
DA:192,6
DA:196,6
DA:200,9
DA:201,9
DA:203,3
DA:204,3
DA:205,3
DA:206,6
DA:208,3
DA:209,3
DA:210,3
DA:215,3
DA:216,3
DA:217,6
DA:221,9
DA:223,6
DA:224,9
LF:109
LH:102
end_of_record
SF:lib/router.dart
DA:17,4
DA:18,2
DA:20,1
DA:22,0
DA:23,0
DA:24,0
DA:30,1
DA:31,1
DA:33,0
DA:35,1
DA:36,0
DA:37,1
DA:38,1
DA:40,0
DA:42,1
DA:44,0
DA:46,1
DA:48,0
DA:50,1
DA:52,0
DA:54,1
DA:56,0
DA:58,1
DA:60,0
DA:62,1
DA:64,0
DA:66,1
DA:68,0
DA:70,1
DA:72,0
DA:74,1
DA:76,0
DA:87,1
DA:89,1
DA:91,1
DA:92,1
DA:93,1
DA:94,1
DA:95,2
DA:103,1
DA:105,1
DA:106,1
DA:116,1
DA:117,1
DA:118,1
DA:119,1
DA:120,1
DA:122,1
DA:123,1
DA:124,1
DA:125,1
DA:127,1
DA:139,1
DA:145,1
DA:147,2
DA:148,2
DA:149,1
DA:150,2
DA:151,2
DA:153,0
LF:60
LH:44
end_of_record
